<?xml version="1.0" encoding="UTF-8"?>
<!-- Generated by org.testng.reporters.JUnitReportReporter -->
<testsuite hostname="DESKTOP-96IHAOS" failures="0" tests="1" name="PetstoreApiTests.PetstoreTests" time="8.257" errors="0" timestamp="2023-01-19T00:10:18 MSK" skipped="0">
  <testcase classname="PetstoreApiTests.PetstoreTests" name="e2eApiTest" time="8.257"/>
  <system-out/>
</testsuite> <!-- PetstoreApiTests.PetstoreTests -->
