<?xml version="1.0" encoding="UTF-8"?>
<!-- Generated by org.testng.reporters.JUnitReportReporter -->
<testsuite hostname="DESKTOP-96IHAOS" failures="0" tests="1" name="SberleasingUiTest.SberleasingTest" time="108.287" errors="0" timestamp="2023-01-19T00:10:18 MSK" skipped="0">
  <testcase classname="SberleasingUiTest.SberleasingTest" name="findCarTest" time="108.287"/>
  <system-out/>
</testsuite> <!-- SberleasingUiTest.SberleasingTest -->
